<?xml version="1.0" encoding="UTF-8"?>
<coverage generated="1624186353220" clover="3.2.0">
  <project timestamp="1624186353221" name="All files">
    <metrics statements="23" coveredstatements="23" conditionals="8" coveredconditionals="8" methods="6" coveredmethods="6" elements="37" coveredelements="37" complexity="0" loc="23" ncloc="23" packages="1" files="1" classes="1"/>
    <file name="answer1.js" path="/home/linfan/alibaba/answer1.js">
      <metrics statements="23" coveredstatements="23" conditionals="8" coveredconditionals="8" methods="6" coveredmethods="6"/>
      <line num="8" count="2" type="stmt"/>
      <line num="9" count="34" type="cond" truecount="2" falsecount="0"/>
      <line num="10" count="10" type="stmt"/>
      <line num="13" count="2" type="stmt"/>
      <line num="18" count="2" type="stmt"/>
      <line num="19" count="2" type="stmt"/>
      <line num="21" count="2" type="stmt"/>
      <line num="22" count="6" type="stmt"/>
      <line num="23" count="6" type="cond" truecount="2" falsecount="0"/>
      <line num="24" count="4" type="stmt"/>
      <line num="27" count="2" type="stmt"/>
      <line num="29" count="2" type="stmt"/>
      <line num="30" count="13" type="stmt"/>
      <line num="31" count="13" type="stmt"/>
      <line num="32" count="41" type="stmt"/>
      <line num="33" count="41" type="cond" truecount="2" falsecount="0"/>
      <line num="34" count="9" type="stmt"/>
      <line num="37" count="32" type="stmt"/>
      <line num="40" count="2" type="stmt"/>
      <line num="45" count="15" type="stmt"/>
      <line num="46" count="47" type="cond" truecount="2" falsecount="0"/>
      <line num="52" count="152" type="stmt"/>
      <line num="56" count="1" type="stmt"/>
    </file>
  </project>
</coverage>
