{"/home/linfan/alibaba/answer1.js": {"path":"/home/linfan/alibaba/answer1.js","statementMap":{"0":{"start":{"line":8,"column":4},"end":{"line":12,"column":5}},"1":{"start":{"line":8,"column":16},"end":{"line":8,"column":17}},"2":{"start":{"line":9,"column":8},"end":{"line":11,"column":9}},"3":{"start":{"line":10,"column":12},"end":{"line":10,"column":33}},"4":{"start":{"line":13,"column":4},"end":{"line":13,"column":17}},"5":{"start":{"line":18,"column":16},"end":{"line":18,"column":18}},"6":{"start":{"line":19,"column":16},"end":{"line":19,"column":18}},"7":{"start":{"line":21,"column":4},"end":{"line":28,"column":5}},"8":{"start":{"line":21,"column":16},"end":{"line":21,"column":17}},"9":{"start":{"line":22,"column":16},"end":{"line":22,"column":39}},"10":{"start":{"line":23,"column":8},"end":{"line":27,"column":32}},"11":{"start":{"line":24,"column":12},"end":{"line":24,"column":33}},"12":{"start":{"line":27,"column":12},"end":{"line":27,"column":32}},"13":{"start":{"line":29,"column":4},"end":{"line":39,"column":5}},"14":{"start":{"line":30,"column":22},"end":{"line":30,"column":35}},"15":{"start":{"line":31,"column":8},"end":{"line":38,"column":9}},"16":{"start":{"line":31,"column":20},"end":{"line":31,"column":21}},"17":{"start":{"line":32,"column":20},"end":{"line":32,"column":45}},"18":{"start":{"line":33,"column":12},"end":{"line":37,"column":38}},"19":{"start":{"line":34,"column":16},"end":{"line":34,"column":39}},"20":{"start":{"line":37,"column":16},"end":{"line":37,"column":38}},"21":{"start":{"line":40,"column":4},"end":{"line":40,"column":17}},"22":{"start":{"line":45,"column":4},"end":{"line":47,"column":11}},"23":{"start":{"line":46,"column":8},"end":{"line":46,"column":78}},"24":{"start":{"line":52,"column":4},"end":{"line":52,"column":60}},"25":{"start":{"line":52,"column":52},"end":{"line":52,"column":57}},"26":{"start":{"line":56,"column":0},"end":{"line":61,"column":1}}},"fnMap":{"0":{"name":"deepFlat","decl":{"start":{"line":7,"column":9},"end":{"line":7,"column":17}},"loc":{"start":{"line":7,"column":24},"end":{"line":14,"column":1}},"line":7},"1":{"name":"deepFlatQueue","decl":{"start":{"line":17,"column":9},"end":{"line":17,"column":22}},"loc":{"start":{"line":17,"column":29},"end":{"line":41,"column":1}},"line":17},"2":{"name":"recursiveReducer","decl":{"start":{"line":44,"column":9},"end":{"line":44,"column":25}},"loc":{"start":{"line":44,"column":31},"end":{"line":48,"column":1}},"line":44},"3":{"name":"(anonymous_3)","decl":{"start":{"line":45,"column":23},"end":{"line":45,"column":24}},"loc":{"start":{"line":45,"column":36},"end":{"line":47,"column":6}},"line":45},"4":{"name":"deleteDuplicationAndOrderArray","decl":{"start":{"line":51,"column":9},"end":{"line":51,"column":39}},"loc":{"start":{"line":51,"column":46},"end":{"line":53,"column":1}},"line":51},"5":{"name":"(anonymous_5)","decl":{"start":{"line":52,"column":43},"end":{"line":52,"column":44}},"loc":{"start":{"line":52,"column":52},"end":{"line":52,"column":57}},"line":52}},"branchMap":{"0":{"loc":{"start":{"line":9,"column":8},"end":{"line":11,"column":9}},"type":"if","locations":[{"start":{"line":9,"column":8},"end":{"line":11,"column":9}},{"start":{"line":9,"column":8},"end":{"line":11,"column":9}}],"line":9},"1":{"loc":{"start":{"line":23,"column":8},"end":{"line":27,"column":32}},"type":"if","locations":[{"start":{"line":23,"column":8},"end":{"line":27,"column":32}},{"start":{"line":23,"column":8},"end":{"line":27,"column":32}}],"line":23},"2":{"loc":{"start":{"line":33,"column":12},"end":{"line":37,"column":38}},"type":"if","locations":[{"start":{"line":33,"column":12},"end":{"line":37,"column":38}},{"start":{"line":33,"column":12},"end":{"line":37,"column":38}}],"line":33},"3":{"loc":{"start":{"line":46,"column":26},"end":{"line":46,"column":77}},"type":"cond-expr","locations":[{"start":{"line":46,"column":48},"end":{"line":46,"column":70}},{"start":{"line":46,"column":73},"end":{"line":46,"column":77}}],"line":46}},"s":{"0":2,"1":2,"2":34,"3":10,"4":2,"5":2,"6":2,"7":2,"8":2,"9":6,"10":6,"11":4,"12":2,"13":2,"14":13,"15":13,"16":13,"17":41,"18":41,"19":9,"20":32,"21":2,"22":15,"23":47,"24":6,"25":152,"26":1},"f":{"0":2,"1":2,"2":15,"3":47,"4":6,"5":152},"b":{"0":[10,24],"1":[4,2],"2":[9,32],"3":[13,34]},"_coverageSchema":"1a1c01bbd47fc00a2c39e90264f33305004495a9","hash":"fa53faf992ee230320b1af209f4841d3d7bfe107"}
}
