TN:
SF:answer1.js
FN:7,deepFlat
FN:17,deepFlatQueue
FN:44,recursiveReducer
FN:45,(anonymous_3)
FN:51,deleteDuplicationAndOrderArray
FN:52,(anonymous_5)
FNF:6
FNH:6
FNDA:2,deepFlat
FNDA:2,deepFlatQueue
FNDA:15,recursiveReducer
FNDA:47,(anonymous_3)
FNDA:6,deleteDuplicationAndOrderArray
FNDA:152,(anonymous_5)
DA:8,2
DA:9,34
DA:10,10
DA:13,2
DA:18,2
DA:19,2
DA:21,2
DA:22,6
DA:23,6
DA:24,4
DA:27,2
DA:29,2
DA:30,13
DA:31,13
DA:32,41
DA:33,41
DA:34,9
DA:37,32
DA:40,2
DA:45,15
DA:46,47
DA:52,152
DA:56,1
LF:23
LH:23
BRDA:9,0,0,10
BRDA:9,0,1,24
BRDA:23,1,0,4
BRDA:23,1,1,2
BRDA:33,2,0,9
BRDA:33,2,1,32
BRDA:46,3,0,13
BRDA:46,3,1,34
BRF:8
BRH:8
end_of_record
